#
# A fatal error has been detected by the Java Runtime Environment:
#
#  EXCEPTION_ACCESS_VIOLATION (0xc0000005) at pc=0x00000000644aa0a5, pid=3108, tid=0x0000000000001274
#
# JRE version: Java(TM) SE Runtime Environment (8.0_101-b13) (build 1.8.0_101-b13)
# Java VM: Java HotSpot(TM) 64-Bit Server VM (25.101-b13 mixed mode windows-amd64 compressed oops)
# Problematic frame:
# V  [jvm.dll+0x12a0a5]
#
# Failed to write core dump. Minidumps are not enabled by default on client versions of Windows
#
# If you would like to submit a bug report, please visit:
#   http://bugreport.java.com/bugreport/crash.jsp
#

---------------  T H R E A D  ---------------

Current thread (0x0000000014f77800):  JavaThread "JDWP Transport Listener: dt_socket" daemon [_thread_in_vm, id=4724, stack(0x00000000165d0000,0x00000000166d0000)]

siginfo: ExceptionCode=0xc0000005, reading address 0x000000003b726574

Registers:
RAX=0x00000000166cf301, RBX=0x0000000014f77800, RCX=0x000000003b726574, RDX=0x0000000000000000
RSP=0x00000000166cf340, RBP=0x000000003b726574, RSI=0x00000000166cf458, RDI=0x0000000002859f20
R8 =0x0000000014f77800, R9 =0x0000000000000000, R10=0x0000000000000000, R11=0x0000000000000064
R12=0x0000000000000000, R13=0x0000000014f78038, R14=0x0000000000000000, R15=0x0000000000000000
RIP=0x00000000644aa0a5, EFLAGS=0x0000000000010206

Top of Stack: (sp=0x00000000166cf340)
0x00000000166cf340:   0000000014f77800 0000000014f77800
0x00000000166cf350:   00000000166cf408 00000000646b2f0b
0x00000000166cf360:   0000000014f77800 00000000646cf76d
0x00000000166cf370:   000000000000002d 0000000066179155
0x00000000166cf380:   0000000016a06d10 000000006618291e
0x00000000166cf390:   0000000014f77800 0000000000000000
0x00000000166cf3a0:   0000000000000000 0000000000000000
0x00000000166cf3b0:   000000003b726574 0000000066181a15
0x00000000166cf3c0:   00000000166cf458 00000000166cf430
0x00000000166cf3d0:   0000000000000001 0000000016a06d10
0x00000000166cf3e0:   000000003b726574 00000000661653b3
0x00000000166cf3f0:   00000000166cf520 0000000000000001
0x00000000166cf400:   0000000000000001 0000000016a06d10
0x00000000166cf410:   000000000000000a 0000000000000000
0x00000000166cf420:   0000000000000000 0000000000000000
0x00000000166cf430:   0000000000000001 0000000066165571 

Instructions: (pc=0x00000000644aa0a5)
0x00000000644aa085:   cc cc cc cc cc cc cc cc cc cc cc 48 83 ec 28 48
0x00000000644aa095:   85 c9 75 07 33 c0 48 83 c4 28 c3 48 89 5c 24 20
0x00000000644aa0a5:   48 8b 19 48 85 db 74 20 48 83 fb 37 74 1a 48 8b
0x00000000644aa0b5:   13 48 8b cb ff 52 10 84 c0 74 0d 48 8b c3 48 8b 


Register to memory mapping:

RAX=0x00000000166cf301 is pointing into the stack for thread: 0x0000000014f77800
RBX=0x0000000014f77800 is a thread
RCX=0x000000003b726574 is an unknown value
RDX=0x0000000000000000 is an unknown value
RSP=0x00000000166cf340 is pointing into the stack for thread: 0x0000000014f77800
RBP=0x000000003b726574 is an unknown value
RSI=0x00000000166cf458 is pointing into the stack for thread: 0x0000000014f77800
RDI=0x0000000002859f20 is an unknown value
R8 =0x0000000014f77800 is a thread
R9 =0x0000000000000000 is an unknown value
R10=0x0000000000000000 is an unknown value
R11=0x0000000000000064 is an unknown value
R12=0x0000000000000000 is an unknown value
R13=0x0000000014f78038 is an unknown value
R14=0x0000000000000000 is an unknown value
R15=0x0000000000000000 is an unknown value


Stack: [0x00000000165d0000,0x00000000166d0000],  sp=0x00000000166cf340,  free space=1020k
Native frames: (J=compiled Java code, j=interpreted, Vv=VM code, C=native code)
V  [jvm.dll+0x12a0a5]
V  [jvm.dll+0x34f76d]
C  [jdwp.dll+0x21a15]
C  [jdwp.dll+0x53b3]
C  [jdwp.dll+0x5571]
C  [jdwp.dll+0xf0a8]
C  [jdwp.dll+0x1f2d5]
C  [jdwp.dll+0x1f4aa]
V  [jvm.dll+0x1bd258]
V  [jvm.dll+0x2451a4]
V  [jvm.dll+0x29c18a]
C  [msvcr100.dll+0x21d9f]
C  [msvcr100.dll+0x21e3b]
C  [KERNEL32.DLL+0x18102]
C  [ntdll.dll+0x5c5b4]


---------------  P R O C E S S  ---------------

Java Threads: ( => current thread )
  0x0000000016a00000 JavaThread "Service Thread" daemon [_thread_blocked, id=3076, stack(0x0000000016fd0000,0x00000000170d0000)]
  0x0000000014f9b800 JavaThread "C1 CompilerThread2" daemon [_thread_blocked, id=1948, stack(0x0000000016ed0000,0x0000000016fd0000)]
  0x0000000014f9b000 JavaThread "C2 CompilerThread1" daemon [_thread_blocked, id=7460, stack(0x0000000016dd0000,0x0000000016ed0000)]
  0x0000000014fa2000 JavaThread "C2 CompilerThread0" daemon [_thread_blocked, id=9680, stack(0x00000000168d0000,0x00000000169d0000)]
  0x0000000014f88800 JavaThread "JDWP Command Reader" daemon [_thread_in_native, id=5616, stack(0x00000000167d0000,0x00000000168d0000)]
  0x0000000014f85000 JavaThread "JDWP Event Helper Thread" daemon [_thread_blocked, id=5632, stack(0x00000000166d0000,0x00000000167d0000)]
=>0x0000000014f77800 JavaThread "JDWP Transport Listener: dt_socket" daemon [_thread_in_vm, id=4724, stack(0x00000000165d0000,0x00000000166d0000)]
  0x0000000014f6f000 JavaThread "Attach Listener" daemon [_thread_blocked, id=7836, stack(0x00000000164d0000,0x00000000165d0000)]
  0x0000000014f6d800 JavaThread "Signal Dispatcher" daemon [_thread_blocked, id=7204, stack(0x00000000163d0000,0x00000000164d0000)]
  0x000000000295d000 JavaThread "Finalizer" daemon [_thread_blocked, id=9688, stack(0x00000000161e0000,0x00000000162e0000)]
  0x0000000002952000 JavaThread "Reference Handler" daemon [_thread_blocked, id=6420, stack(0x00000000160e0000,0x00000000161e0000)]
  0x000000000285e800 JavaThread "main" [_thread_blocked, id=2704, stack(0x00000000026e0000,0x00000000027e0000)]

Other Threads:
  0x0000000014f37000 VMThread [stack: 0x0000000015fe0000,0x00000000160e0000] [id=440]
  0x0000000016a0a000 WatcherThread [stack: 0x00000000170d0000,0x00000000171d0000] [id=1808]

VM state:not at safepoint (normal execution)

VM Mutex/Monitor currently owned by a thread: None

Heap:
 PSYoungGen      total 18944K, used 1310K [0x00000000eb180000, 0x00000000ec680000, 0x0000000100000000)
  eden space 16384K, 8% used [0x00000000eb180000,0x00000000eb2c7b80,0x00000000ec180000)
  from space 2560K, 0% used [0x00000000ec400000,0x00000000ec400000,0x00000000ec680000)
  to   space 2560K, 0% used [0x00000000ec180000,0x00000000ec180000,0x00000000ec400000)
 ParOldGen       total 44032K, used 0K [0x00000000c1400000, 0x00000000c3f00000, 0x00000000eb180000)
  object space 44032K, 0% used [0x00000000c1400000,0x00000000c1400000,0x00000000c3f00000)
 Metaspace       used 2819K, capacity 4498K, committed 4864K, reserved 1056768K
  class space    used 305K, capacity 386K, committed 512K, reserved 1048576K

Card table byte_map: [0x0000000011d20000,0x0000000011f20000] byte_map_base: 0x0000000011716000

Marking Bits: (ParMarkBitMap*) 0x0000000064b9a6d0
 Begin Bits: [0x0000000012470000, 0x0000000013420000)
 End Bits:   [0x0000000013420000, 0x00000000143d0000)

Polling page: 0x0000000002690000

CodeCache: size=245760Kb used=1139Kb max_used=1139Kb free=244620Kb
 bounds [0x0000000002960000, 0x0000000002bd0000, 0x0000000011960000]
 total_blobs=273 nmethods=47 adapters=147
 compilation: enabled

Compilation events (10 events):
Event: 0.347 Thread 0x0000000014f9b800   43       3       java.lang.String::indexOf (166 bytes)
Event: 0.348 Thread 0x0000000014f9b800 nmethod 43 0x0000000002a7a3d0 code [0x0000000002a7a580, 0x0000000002a7abd0]
Event: 0.356 Thread 0x0000000014f9b800   44       3       java.io.WinNTFileSystem::normalize (143 bytes)
Event: 0.357 Thread 0x0000000014f9b800 nmethod 44 0x0000000002a7afd0 code [0x0000000002a7b1c0, 0x0000000002a7ba48]
Event: 0.359 Thread 0x0000000014f9b800   45       3       java.lang.AbstractStringBuilder::expandCapacity (50 bytes)
Event: 0.360 Thread 0x0000000014f9b800 nmethod 45 0x0000000002a7be50 code [0x0000000002a7c000, 0x0000000002a7c578]
Event: 26.499 Thread 0x0000000014f9b800   46       1       java.util.ArrayList::size (5 bytes)
Event: 26.499 Thread 0x0000000014f9b800 nmethod 46 0x0000000002a7c7d0 code [0x0000000002a7c920, 0x0000000002a7ca30]
Event: 78.599 Thread 0x0000000014f9b800   47       3       java.lang.String::<init> (10 bytes)
Event: 78.600 Thread 0x0000000014f9b800 nmethod 47 0x0000000002a7ca90 code [0x0000000002a7cbe0, 0x0000000002a7cdb0]

GC Heap History (0 events):
No events

Deoptimization events (0 events):
No events

Internal exceptions (2 events):
Event: 0.086 Thread 0x000000000285e800 Exception <a 'java/lang/NoSuchMethodError': Method sun.misc.Unsafe.defineClass(Ljava/lang/String;[BII)Ljava/lang/Class; name or signature does not match> (0x00000000eb187cc0) thrown at [C:\re\workspace\8-2-build-windows-amd64-cygwin\jdk8u101\7261\hotspot\sG•‹óµ?
Event: 0.086 Thread 0x000000000285e800 Exception <a 'java/lang/NoSuchMethodError': Method sun.misc.Unsafe.prefetchRead(Ljava/lang/Object;J)V name or signature does not match> (0x00000000eb187fa8) thrown at [C:\re\workspace\8-2-build-windows-amd64-cygwin\jdk8u101\7261\hotspot\src\share\vm\prims\

Events (10 events):
Event: 1484.963 Executing VM operation: ChangeBreakpoints
Event: 1484.963 Executing VM operation: ChangeBreakpoints done
Event: 1486.601 Executing VM operation: ChangeBreakpoints
Event: 1486.601 Executing VM operation: ChangeBreakpoints done
Event: 1491.599 Executing VM operation: ChangeBreakpoints
Event: 1491.599 Executing VM operation: ChangeBreakpoints done
Event: 1518.833 Executing VM operation: ChangeBreakpoints
Event: 1518.833 Executing VM operation: ChangeBreakpoints done
Event: 1522.833 Executing VM operation: RedefineClasses
Event: 1522.834 Executing VM operation: RedefineClasses done


Dynamic libraries:
0x00007ff7e1e10000 - 0x00007ff7e1e47000 	C:\Program Files\Java\jdk1.8.0_101\bin\java.exe
0x00007fff6b670000 - 0x00007fff6b831000 	C:\WINDOWS\SYSTEM32\ntdll.dll
0x00007fff6b150000 - 0x00007fff6b1fd000 	C:\WINDOWS\system32\KERNEL32.DLL
0x00007fff67d20000 - 0x00007fff67f08000 	C:\WINDOWS\system32\KERNELBASE.dll
0x00007fff6b200000 - 0x00007fff6b2a7000 	C:\WINDOWS\system32\ADVAPI32.dll
0x00007fff6a240000 - 0x00007fff6a2dd000 	C:\WINDOWS\system32\msvcrt.dll
0x00007fff6ab80000 - 0x00007fff6abdb000 	C:\WINDOWS\system32\sechost.dll
0x00007fff6ac40000 - 0x00007fff6ad5c000 	C:\WINDOWS\system32\RPCRT4.dll
0x00007fff6b2b0000 - 0x00007fff6b406000 	C:\WINDOWS\system32\USER32.dll
0x00007fff6a0b0000 - 0x00007fff6a236000 	C:\WINDOWS\system32\GDI32.dll
0x00007fff5c240000 - 0x00007fff5c4b4000 	C:\WINDOWS\WinSxS\amd64_microsoft.windows.common-controls_6595b64144ccf1df_6.0.10586.589_none_a2ddb3caa539acce\COMCTL32.dll
0x00007fff6ad60000 - 0x00007fff6afdd000 	C:\WINDOWS\system32\combase.dll
0x00007fff67f10000 - 0x00007fff67f7a000 	C:\WINDOWS\system32\bcryptPrimitives.dll
0x00007fff6b5d0000 - 0x00007fff6b60b000 	C:\WINDOWS\system32\IMM32.DLL
0x00000000661e0000 - 0x00000000662b2000 	C:\Program Files\Java\jdk1.8.0_101\jre\bin\msvcr100.dll
0x0000000064380000 - 0x0000000064c1a000 	C:\Program Files\Java\jdk1.8.0_101\jre\bin\server\jvm.dll
0x00007fff6afe0000 - 0x00007fff6afe8000 	C:\WINDOWS\system32\PSAPI.DLL
0x00007fff62720000 - 0x00007fff62729000 	C:\WINDOWS\SYSTEM32\WSOCK32.dll
0x00007fff66070000 - 0x00007fff66093000 	C:\WINDOWS\SYSTEM32\WINMM.dll
0x00007fff64160000 - 0x00007fff6416a000 	C:\WINDOWS\SYSTEM32\VERSION.dll
0x00007fff66040000 - 0x00007fff6606c000 	C:\WINDOWS\SYSTEM32\WINMMBASE.dll
0x00007fff68030000 - 0x00007fff68073000 	C:\WINDOWS\system32\cfgmgr32.dll
0x00007fff6a2e0000 - 0x00007fff6a34b000 	C:\WINDOWS\system32\ws2_32.DLL
0x00000000661d0000 - 0x00000000661df000 	C:\Program Files\Java\jdk1.8.0_101\jre\bin\verify.dll
0x00000000661a0000 - 0x00000000661c9000 	C:\Program Files\Java\jdk1.8.0_101\jre\bin\java.dll
0x0000000066160000 - 0x0000000066195000 	C:\Program Files\Java\jdk1.8.0_101\jre\bin\jdwp.dll
0x0000000066130000 - 0x0000000066138000 	C:\Program Files\Java\jdk1.8.0_101\jre\bin\npt.dll
0x0000000066140000 - 0x0000000066156000 	C:\Program Files\Java\jdk1.8.0_101\jre\bin\zip.dll
0x00007fff68a70000 - 0x00007fff69fcc000 	C:\WINDOWS\system32\SHELL32.dll
0x00007fff683c0000 - 0x00007fff68a05000 	C:\WINDOWS\system32\windows.storage.dll
0x00007fff6abe0000 - 0x00007fff6ac32000 	C:\WINDOWS\system32\shlwapi.dll
0x00007fff67d10000 - 0x00007fff67d1f000 	C:\WINDOWS\system32\kernel.appcore.dll
0x00007fff68110000 - 0x00007fff681c5000 	C:\WINDOWS\system32\shcore.dll
0x00007fff67cb0000 - 0x00007fff67cfb000 	C:\WINDOWS\system32\powrprof.dll
0x00007fff67c90000 - 0x00007fff67ca4000 	C:\WINDOWS\system32\profapi.dll
0x0000000066120000 - 0x0000000066129000 	C:\Program Files\Java\jdk1.8.0_101\jre\bin\dt_socket.dll
0x00007fff675c0000 - 0x00007fff6761c000 	C:\WINDOWS\system32\mswsock.dll
0x00007fff47710000 - 0x00007fff4789c000 	C:\WINDOWS\SYSTEM32\dbghelp.dll

VM Arguments:
jvm_args: -agentlib:jdwp=transport=dt_socket,address=127.0.0.1:58931,suspend=y,server=n -Dfile.encoding=UTF-8 
java_command: Project5.Main
java_class_path (initial): C:\Program Files\Java\jdk1.8.0_101\jre\lib\charsets.jar;C:\Program Files\Java\jdk1.8.0_101\jre\lib\deploy.jar;C:\Program Files\Java\jdk1.8.0_101\jre\lib\ext\access-bridge-64.jar;C:\Program Files\Java\jdk1.8.0_101\jre\lib\ext\cldrdata.jar;C:\Program Files\Java\jdk1.8.0_101\jre\lib\ext\dnsns.jar;C:\Program Files\Java\jdk1.8.0_101\jre\lib\ext\jaccess.jar;C:\Program Files\Java\jdk1.8.0_101\jre\lib\ext\jfxrt.jar;C:\Program Files\Java\jdk1.8.0_101\jre\lib\ext\localedata.jar;C:\Program Files\Java\jdk1.8.0_101\jre\lib\ext\nashorn.jar;C:\Program Files\Java\jdk1.8.0_101\jre\lib\ext\sunec.jar;C:\Program Files\Java\jdk1.8.0_101\jre\lib\ext\sunjce_provider.jar;C:\Program Files\Java\jdk1.8.0_101\jre\lib\ext\sunmscapi.jar;C:\Program Files\Java\jdk1.8.0_101\jre\lib\ext\sunpkcs11.jar;C:\Program Files\Java\jdk1.8.0_101\jre\lib\ext\zipfs.jar;C:\Program Files\Java\jdk1.8.0_101\jre\lib\javaws.jar;C:\Program Files\Java\jdk1.8.0_101\jre\lib\jce.jar;C:\Program Files\Java\jdk1.8.0_101\jre\lib\jfr.jar;C:\Program Files\Java\jdk1.8.0_101\jre\lib\jfxswt.jar;C:\Program Files\Java\jdk1.8.0_101\jre\lib\jsse.jar;C:\Program Files\Java\jdk1.8.0_101\jre\lib\management-agent.jar;C:\Program Files\Java\jdk1.8.0_101\jre\lib\plugin.jar;C:\Program Files\Java\jdk1.8.0_101\jre\lib\resources.jar;C:\Program Files\Java\jdk1.8.0_101\jre\lib\rt.jar;C:\Users\denis\Documents\IDEA 2016\Projects\WT_Lab1\WT_Lab1_Project5\out\production\WT_Lab1_Project5;C:\Program Files (x86)\JetBrains\IntelliJ IDEA 2016.2.4\lib\idea_rt.jar
Launcher Type: SUN_STANDARD

Environment Variables:
PATH=C:\ProgramData\Oracle\Java\javapath;C:\WINDOWS\system32;C:\WINDOWS;C:\WINDOWS\System32\Wbem;C:\WINDOWS\System32\WindowsPowerShell\v1.0\;C:\Program Files (x86)\Skype\Phone\;C:\WINDOWS\system32\config\systemprofile\.dnx\bin;C:\Program Files\Microsoft DNX\Dnvm\;C:\Program Files\Microsoft SQL Server\120\Tools\Binn\;C:\Program Files\Microsoft SQL Server\130\Tools\Binn\;C:\Program Files (x86)\Windows Kits\10\Windows Performance Toolkit\;C:\Program Files\Git\cmd;C:\Program Files\Microsoft SQL Server\Client SDK\ODBC\110\Tools\Binn\;C:\Program Files (x86)\Microsoft SQL Server\120\Tools\Binn\;C:\Program Files\Microsoft SQL Server\120\DTS\Binn\;C:\Program Files (x86)\Microsoft SQL Server\120\Tools\Binn\ManagementStudio\;C:\Program Files (x86)\Microsoft SQL Server\120\DTS\Binn\
USERNAME=denis
OS=Windows_NT
PROCESSOR_IDENTIFIER=Intel64 Family 6 Model 60 Stepping 3, GenuineIntel



---------------  S Y S T E M  ---------------

OS: Windows 10.0 , 64 bit Build 10586 (10.0.10586.589)

CPU:total 4 (2 cores per cpu, 2 threads per core) family 6 model 60 stepping 3, cmov, cx8, fxsr, mmx, sse, sse2, sse3, ssse3, sse4.1, sse4.2, popcnt, avx, avx2, aes, clmul, erms, lzcnt, ht, tsc, tscinvbit, bmi1, bmi2

Memory: 4k page, physical 4108652k(968776k free), swap 7654460k(2264024k free)

vm_info: Java HotSpot(TM) 64-Bit Server VM (25.101-b13) for windows-amd64 JRE (1.8.0_101-b13), built on Jun 22 2016 01:21:29 by "java_re" with MS VC++ 10.0 (VS2010)

time: Sun Sep 25 19:10:00 2016
elapsed time: 2116 seconds (0d 0h 35m 16s)

